<?xml version="1.0" encoding="UTF-8"?>
<testng-results ignored="0" total="1" passed="1" failed="0" skipped="0">
  <reporter-output>
  </reporter-output>
  <suite started-at="2023-11-20T11:35:50 IST" name="Default suite" finished-at="2023-11-20T11:35:51 IST" duration-ms="672">
    <groups>
      <group name="cucumber">
        <method signature="AbstractTestNGCucumberTests.runScenario(io.cucumber.testng.PickleWrapper,io.cucumber.testng.FeatureWrapper)[pri:0, instance:BDDBackTestNg.BDDBackTestNg.AppTest@548a24a]" name="runScenario" class="io.cucumber.testng.AbstractTestNGCucumberTests"/>
      </group> <!-- cucumber -->
    </groups>
    <test started-at="2023-11-20T11:35:50 IST" name="Default test" finished-at="2023-11-20T11:35:51 IST" duration-ms="672">
      <class name="BDDBackTestNg.BDDBackTestNg.AppTest">
        <test-method is-config="true" signature="setUpClass(org.testng.ITestContext)[pri:0, instance:BDDBackTestNg.BDDBackTestNg.AppTest@548a24a]" started-at="2023-11-20T11:35:50 IST" name="setUpClass" finished-at="2023-11-20T11:35:50 IST" duration-ms="500" status="PASS">
          <params>
            <param index="0">
              <value>
                <![CDATA[org.testng.TestRunner@7fcff1b9]]>
              </value>
            </param>
          </params>
          <reporter-output>
          </reporter-output>
        </test-method> <!-- setUpClass -->
        <test-method signature="runScenario(io.cucumber.testng.PickleWrapper,io.cucumber.testng.FeatureWrapper)[pri:0, instance:BDDBackTestNg.BDDBackTestNg.AppTest@548a24a]" started-at="2023-11-20T11:35:50 IST" name="runScenario" description="Runs Cucumber Scenarios" data-provider="scenarios" finished-at="2023-11-20T11:35:51 IST" duration-ms="94" status="PASS">
          <params>
            <param index="0">
              <value>
                <![CDATA["Add multiple product to cart"]]>
              </value>
            </param>
            <param index="1">
              <value>
                <![CDATA["Testing Add to Cart Functionality"]]>
              </value>
            </param>
          </params>
          <reporter-output>
          </reporter-output>
        </test-method> <!-- runScenario -->
        <test-method is-config="true" signature="tearDownClass()[pri:0, instance:BDDBackTestNg.BDDBackTestNg.AppTest@548a24a]" started-at="2023-11-20T11:35:51 IST" name="tearDownClass" finished-at="2023-11-20T11:35:51 IST" duration-ms="33" status="PASS">
          <reporter-output>
          </reporter-output>
        </test-method> <!-- tearDownClass -->
      </class> <!-- BDDBackTestNg.BDDBackTestNg.AppTest -->
    </test> <!-- Default test -->
  </suite> <!-- Default suite -->
</testng-results>
